<?xml version="1.0" encoding="UTF-8"?>
<!-- Generated by org.testng.reporters.JUnitXMLReporter -->
<testsuite hostname="paulakisscatdeMacBook-Pro.local" failures="0" tests="1" name="InterfaceTest" time="65.029" errors="0" timestamp="25 Aug 2018 05:02:41 GMT">
  <testcase classname="com.paulakisscat.testing.TmpXpath" name="@BeforeClass befor" time="0.0">
    <failure type="org.openqa.selenium.WebDriverException" message="Failed to connect to binary FirefoxBinary(/Applications/Firefox.app/Contents/MacOS/firefox-bin) on port 7055; process output follows: 
@mozilla.org.xpi
1535173317018	addons.xpi	DEBUG	Calling bootstrap method startup on formautofill@mozilla.org version 1.0
1535173317019	addons.xpi	DEBUG	Registering manifest for /Applications/Firefox.app/Contents/Resources/browser/features/onboarding@mozilla.org.xpi
1535173317019	addons.xpi	DEBUG	Calling bootstrap method startup on onboarding@mozilla.org version 1.0
1535173317019	addons.xpi	DEBUG	Registering manifest for /Applications/Firefox.app/Contents/Resources/browser/features/screenshots@mozilla.org.xpi
1535173317019	addons.xpi	DEBUG	Calling bootstrap method startup on screenshots@mozilla.org version 32.1.0
1535173317019	addons.xpi	DEBUG	Registering manifest for /Applications/Firefox.app/Contents/Resources/browser/features/webcompat-reporter@mozilla.org.xpi
1535173317020	addons.xpi	DEBUG	Calling bootstrap method startup on webcompat-reporter@mozilla.org version 1.0.0
1535173317020	addons.xpi	DEBUG	Registering manifest for /Applications/Firefox.app/Contents/Resources/browser/features/webcompat@mozilla.org.xpi
1535173317021	addons.xpi	DEBUG	Calling bootstrap method startup on webcompat@mozilla.org version 2.0
1535173317022	addons.manager	DEBUG	Registering shutdown blocker for XPIProvider
1535173317022	addons.manager	DEBUG	Provider finished startup: XPIProvider
1535173317022	addons.manager	DEBUG	Starting provider: LightweightThemeManager
1535173317022	addons.manager	DEBUG	Registering shutdown blocker for LightweightThemeManager
1535173317022	addons.manager	DEBUG	Provider finished startup: LightweightThemeManager
1535173317023	addons.manager	DEBUG	Starting provider: GMPProvider
1535173317024	addons.manager	DEBUG	Registering shutdown blocker for GMPProvider
1535173317024	addons.manager	DEBUG	Provider finished startup: GMPProvider
1535173317024	addons.manager	DEBUG	Starting provider: PluginProvider
1535173317024	addons.manager	DEBUG	Registering shutdown blocker for PluginProvider
1535173317024	addons.manager	DEBUG	Provider finished startup: PluginProvider
1535173317025	addons.manager	DEBUG	Completed startup sequence
1535173317308	addons.repository	DEBUG	No addons.json found.
2018-08-25 13:01:57.819 plugin-container[76265:1008567] *** CFMessagePort: bootstrap_register(): failed 1100 (0x44c) &amp;apos;Permission denied&amp;apos;, port = 0x703f, name = &amp;apos;com.apple.tsm.portname&amp;apos;
See /usr/include/servers/bootstrap_defs.h for the error codes.
2018-08-25 13:01:58.037 plugin-container[76267:1008609] *** CFMessagePort: bootstrap_register(): failed 1100 (0x44c) &amp;apos;Permission denied&amp;apos;, port = 0x8b07, name = &amp;apos;com.apple.tsm.portname&amp;apos;
See /usr/include/servers/bootstrap_defs.h for the error codes.
1535173318195	addons.xpi	DEBUG	Ignoring file entry whose name is not a valid add-on ID: /var/folders/hr/hr387gt52gjg4w_01s36w07h0000gn/T/anonymous11640944487172140438webdriver-profile/extensions/webdriver-staging
1535173318196	addons.xpi	DEBUG	Existing add-on activity-stream@mozilla.org in app-system-defaults
1535173318196	addons.xpi	DEBUG	Existing add-on aushelper@mozilla.org in app-system-defaults
1535173318196	addons.xpi	DEBUG	Existing add-on firefox@getpocket.com in app-system-defaults
1535173318196	addons.xpi	DEBUG	Existing add-on formautofill@mozilla.org in app-system-defaults
1535173318196	addons.xpi	DEBUG	Existing add-on onboarding@mozilla.org in app-system-defaults
1535173318197	addons.xpi	DEBUG	Existing add-on screenshots@mozilla.org in app-system-defaults
1535173318197	addons.xpi	DEBUG	Existing add-on webcompat-reporter@mozilla.org in app-system-defaults
1535173318197	addons.xpi	DEBUG	Existing add-on webcompat@mozilla.org in app-system-defaults
1535173318197	addons.xpi	DEBUG	getInstallState changed: false, state: {}
JavaScript error: resource://gre/modules/addons/XPIProvider.jsm, line 2189: TypeError: addon is null
1535173318327	addons.xpi-utils	DEBUG	XPI Database saved, setting schema version preference to 26
2018-08-25 13:01:58.731 plugin-container[76270:1008733] *** CFMessagePort: bootstrap_register(): failed 1100 (0x44c) &amp;apos;Permission denied&amp;apos;, port = 0x8d3b, name = &amp;apos;com.apple.tsm.portname&amp;apos;
See /usr/include/servers/bootstrap_defs.h for the error codes.

Build info: version: &amp;apos;2.53.0&amp;apos;, revision: &amp;apos;35ae25b1534ae328c771e0856c93e187490ca824&amp;apos;, time: &amp;apos;2016-03-15 10:43:46&amp;apos;
System info: host: &amp;apos;paulakisscatdeMacBook-Pro.local&amp;apos;, ip: &amp;apos;192.168.110.103&amp;apos;, os.name: &amp;apos;Mac OS X&amp;apos;, os.arch: &amp;apos;x86_64&amp;apos;, os.version: &amp;apos;10.13.6&amp;apos;, java.version: &amp;apos;10.0.2&amp;apos;
Driver info: driver.version: FirefoxDriver">
      <![CDATA[org.openqa.selenium.WebDriverException: Failed to connect to binary FirefoxBinary(/Applications/Firefox.app/Contents/MacOS/firefox-bin) on port 7055; process output follows: 
@mozilla.org.xpi
1535173317018	addons.xpi	DEBUG	Calling bootstrap method startup on formautofill@mozilla.org version 1.0
1535173317019	addons.xpi	DEBUG	Registering manifest for /Applications/Firefox.app/Contents/Resources/browser/features/onboarding@mozilla.org.xpi
1535173317019	addons.xpi	DEBUG	Calling bootstrap method startup on onboarding@mozilla.org version 1.0
1535173317019	addons.xpi	DEBUG	Registering manifest for /Applications/Firefox.app/Contents/Resources/browser/features/screenshots@mozilla.org.xpi
1535173317019	addons.xpi	DEBUG	Calling bootstrap method startup on screenshots@mozilla.org version 32.1.0
1535173317019	addons.xpi	DEBUG	Registering manifest for /Applications/Firefox.app/Contents/Resources/browser/features/webcompat-reporter@mozilla.org.xpi
1535173317020	addons.xpi	DEBUG	Calling bootstrap method startup on webcompat-reporter@mozilla.org version 1.0.0
1535173317020	addons.xpi	DEBUG	Registering manifest for /Applications/Firefox.app/Contents/Resources/browser/features/webcompat@mozilla.org.xpi
1535173317021	addons.xpi	DEBUG	Calling bootstrap method startup on webcompat@mozilla.org version 2.0
1535173317022	addons.manager	DEBUG	Registering shutdown blocker for XPIProvider
1535173317022	addons.manager	DEBUG	Provider finished startup: XPIProvider
1535173317022	addons.manager	DEBUG	Starting provider: LightweightThemeManager
1535173317022	addons.manager	DEBUG	Registering shutdown blocker for LightweightThemeManager
1535173317022	addons.manager	DEBUG	Provider finished startup: LightweightThemeManager
1535173317023	addons.manager	DEBUG	Starting provider: GMPProvider
1535173317024	addons.manager	DEBUG	Registering shutdown blocker for GMPProvider
1535173317024	addons.manager	DEBUG	Provider finished startup: GMPProvider
1535173317024	addons.manager	DEBUG	Starting provider: PluginProvider
1535173317024	addons.manager	DEBUG	Registering shutdown blocker for PluginProvider
1535173317024	addons.manager	DEBUG	Provider finished startup: PluginProvider
1535173317025	addons.manager	DEBUG	Completed startup sequence
1535173317308	addons.repository	DEBUG	No addons.json found.
2018-08-25 13:01:57.819 plugin-container[76265:1008567] *** CFMessagePort: bootstrap_register(): failed 1100 (0x44c) 'Permission denied', port = 0x703f, name = 'com.apple.tsm.portname'
See /usr/include/servers/bootstrap_defs.h for the error codes.
2018-08-25 13:01:58.037 plugin-container[76267:1008609] *** CFMessagePort: bootstrap_register(): failed 1100 (0x44c) 'Permission denied', port = 0x8b07, name = 'com.apple.tsm.portname'
See /usr/include/servers/bootstrap_defs.h for the error codes.
1535173318195	addons.xpi	DEBUG	Ignoring file entry whose name is not a valid add-on ID: /var/folders/hr/hr387gt52gjg4w_01s36w07h0000gn/T/anonymous11640944487172140438webdriver-profile/extensions/webdriver-staging
1535173318196	addons.xpi	DEBUG	Existing add-on activity-stream@mozilla.org in app-system-defaults
1535173318196	addons.xpi	DEBUG	Existing add-on aushelper@mozilla.org in app-system-defaults
1535173318196	addons.xpi	DEBUG	Existing add-on firefox@getpocket.com in app-system-defaults
1535173318196	addons.xpi	DEBUG	Existing add-on formautofill@mozilla.org in app-system-defaults
1535173318196	addons.xpi	DEBUG	Existing add-on onboarding@mozilla.org in app-system-defaults
1535173318197	addons.xpi	DEBUG	Existing add-on screenshots@mozilla.org in app-system-defaults
1535173318197	addons.xpi	DEBUG	Existing add-on webcompat-reporter@mozilla.org in app-system-defaults
1535173318197	addons.xpi	DEBUG	Existing add-on webcompat@mozilla.org in app-system-defaults
1535173318197	addons.xpi	DEBUG	getInstallState changed: false, state: {}
JavaScript error: resource://gre/modules/addons/XPIProvider.jsm, line 2189: TypeError: addon is null
1535173318327	addons.xpi-utils	DEBUG	XPI Database saved, setting schema version preference to 26
2018-08-25 13:01:58.731 plugin-container[76270:1008733] *** CFMessagePort: bootstrap_register(): failed 1100 (0x44c) 'Permission denied', port = 0x8d3b, name = 'com.apple.tsm.portname'
See /usr/include/servers/bootstrap_defs.h for the error codes.

Build info: version: '2.53.0', revision: '35ae25b1534ae328c771e0856c93e187490ca824', time: '2016-03-15 10:43:46'
System info: host: 'paulakisscatdeMacBook-Pro.local', ip: '192.168.110.103', os.name: 'Mac OS X', os.arch: 'x86_64', os.version: '10.13.6', java.version: '10.0.2'
Driver info: driver.version: FirefoxDriver
	at org.openqa.selenium.firefox.internal.NewProfileExtensionConnection.start(NewProfileExtensionConnection.java:125)
	at org.openqa.selenium.firefox.FirefoxDriver.startClient(FirefoxDriver.java:271)
	at org.openqa.selenium.remote.RemoteWebDriver.<init>(RemoteWebDriver.java:119)
	at org.openqa.selenium.firefox.FirefoxDriver.<init>(FirefoxDriver.java:216)
	at org.openqa.selenium.firefox.FirefoxDriver.<init>(FirefoxDriver.java:211)
	at org.openqa.selenium.firefox.FirefoxDriver.<init>(FirefoxDriver.java:207)
	at org.openqa.selenium.firefox.FirefoxDriver.<init>(FirefoxDriver.java:120)
	at com.paulakisscat.testing.TmpXpath.befor(TmpXpath.java:19)
Caused by: org.openqa.selenium.firefox.NotConnectedException: Unable to connect to host 127.0.0.1 on port 7055 after 45000 ms. Firefox console output:
@mozilla.org.xpi
1535173317018	addons.xpi	DEBUG	Calling bootstrap method startup on formautofill@mozilla.org version 1.0
1535173317019	addons.xpi	DEBUG	Registering manifest for /Applications/Firefox.app/Contents/Resources/browser/features/onboarding@mozilla.org.xpi
1535173317019	addons.xpi	DEBUG	Calling bootstrap method startup on onboarding@mozilla.org version 1.0
1535173317019	addons.xpi	DEBUG	Registering manifest for /Applications/Firefox.app/Contents/Resources/browser/features/screenshots@mozilla.org.xpi
1535173317019	addons.xpi	DEBUG	Calling bootstrap method startup on screenshots@mozilla.org version 32.1.0
1535173317019	addons.xpi	DEBUG	Registering manifest for /Applications/Firefox.app/Contents/Resources/browser/features/webcompat-reporter@mozilla.org.xpi
1535173317020	addons.xpi	DEBUG	Calling bootstrap method startup on webcompat-reporter@mozilla.org version 1.0.0
1535173317020	addons.xpi	DEBUG	Registering manifest for /Applications/Firefox.app/Contents/Resources/browser/features/webcompat@mozilla.org.xpi
1535173317021	addons.xpi	DEBUG	Calling bootstrap method startup on webcompat@mozilla.org version 2.0
1535173317022	addons.manager	DEBUG	Registering shutdown blocker for XPIProvider
1535173317022	addons.manager	DEBUG	Provider finished startup: XPIProvider
1535173317022	addons.manager	DEBUG	Starting provider: LightweightThemeManager
1535173317022	addons.manager	DEBUG	Registering shutdown blocker for LightweightThemeManager
1535173317022	addons.manager	DEBUG	Provider finished startup: LightweightThemeManager
1535173317023	addons.manager	DEBUG	Starting provider: GMPProvider
1535173317024	addons.manager	DEBUG	Registering shutdown blocker for GMPProvider
1535173317024	addons.manager	DEBUG	Provider finished startup: GMPProvider
1535173317024	addons.manager	DEBUG	Starting provider: PluginProvider
1535173317024	addons.manager	DEBUG	Registering shutdown blocker for PluginProvider
1535173317024	addons.manager	DEBUG	Provider finished startup: PluginProvider
1535173317025	addons.manager	DEBUG	Completed startup sequence
1535173317308	addons.repository	DEBUG	No addons.json found.
2018-08-25 13:01:57.819 plugin-container[76265:1008567] *** CFMessagePort: bootstrap_register(): failed 1100 (0x44c) 'Permission denied', port = 0x703f, name = 'com.apple.tsm.portname'
See /usr/include/servers/bootstrap_defs.h for the error codes.
2018-08-25 13:01:58.037 plugin-container[76267:1008609] *** CFMessagePort: bootstrap_register(): failed 1100 (0x44c) 'Permission denied', port = 0x8b07, name = 'com.apple.tsm.portname'
See /usr/include/servers/bootstrap_defs.h for the error codes.
1535173318195	addons.xpi	DEBUG	Ignoring file entry whose name is not a valid add-on ID: /var/folders/hr/hr387gt52gjg4w_01s36w07h0000gn/T/anonymous11640944487172140438webdriver-profile/extensions/webdriver-staging
1535173318196	addons.xpi	DEBUG	Existing add-on activity-stream@mozilla.org in app-system-defaults
1535173318196	addons.xpi	DEBUG	Existing add-on aushelper@mozilla.org in app-system-defaults
1535173318196	addons.xpi	DEBUG	Existing add-on firefox@getpocket.com in app-system-defaults
1535173318196	addons.xpi	DEBUG	Existing add-on formautofill@mozilla.org in app-system-defaults
1535173318196	addons.xpi	DEBUG	Existing add-on onboarding@mozilla.org in app-system-defaults
1535173318197	addons.xpi	DEBUG	Existing add-on screenshots@mozilla.org in app-system-defaults
1535173318197	addons.xpi	DEBUG	Existing add-on webcompat-reporter@mozilla.org in app-system-defaults
1535173318197	addons.xpi	DEBUG	Existing add-on webcompat@mozilla.org in app-system-defaults
1535173318197	addons.xpi	DEBUG	getInstallState changed: false, state: {}
JavaScript error: resource://gre/modules/addons/XPIProvider.jsm, line 2189: TypeError: addon is null
1535173318327	addons.xpi-utils	DEBUG	XPI Database saved, setting schema version preference to 26
2018-08-25 13:01:58.731 plugin-container[76270:1008733] *** CFMessagePort: bootstrap_register(): failed 1100 (0x44c) 'Permission denied', port = 0x8d3b, name = 'com.apple.tsm.portname'
See /usr/include/servers/bootstrap_defs.h for the error codes.

	at org.openqa.selenium.firefox.internal.NewProfileExtensionConnection.start(NewProfileExtensionConnection.java:113)
	... 31 more
... Removed 24 stack frames]]>
    </failure>
  </testcase> <!-- @BeforeClass befor -->
  <testcase classname="com.paulakisscat.testing.TmpXpath" name="" time="0.0">
    <skipped/>
  </testcase> <!--  -->
</testsuite> <!-- InterfaceTest -->
