<?xml version="1.0" encoding="UTF-8"?>
<testng-results total="1" passed="1" failed="0" skipped="0">
  <reporter-output>
  </reporter-output>
  <suite started-at="2018-08-27T04:29:07Z" name="Default suite" finished-at="2018-08-27T04:29:11Z" duration-ms="4019">
    <groups>
    </groups>
    <test started-at="2018-08-27T04:29:07Z" name="Default test" finished-at="2018-08-27T04:29:11Z" duration-ms="4019">
      <class name="com.paulakisscat.testing.TmpXpath">
        <test-method signature="befor()[pri:0, instance:com.paulakisscat.testing.TmpXpath@8c3b9d]" started-at="2018-08-27T12:29:07Z" name="befor" finished-at="2018-08-27T12:29:11Z" duration-ms="4007" status="PASS">
          <reporter-output>
          </reporter-output>
        </test-method> <!-- befor -->
      </class> <!-- com.paulakisscat.testing.TmpXpath -->
    </test> <!-- Default test -->
  </suite> <!-- Default suite -->
</testng-results>
